app/build/intermediates/manifest_merge_blame_file/debug/processDebugMainManifest/manifest-merger-blame-debug-report.txt
1<?xml version="1.0" encoding="utf-8"?>
2<manifest xmlns:android="http://schemas.android.com/apk/res/android"
3    package="com.example.madlabexam2"
4    android:versionCode="1"
5    android:versionName="1.0" >
6
7    <uses-sdk
8        android:minSdkVersion="25"
9        android:targetSdkVersion="35" />
10
11    <permission
11-->[androidx.core:core:1.15.0] AndroidManifest.xml:22:5-24:47
12        android:name="com.example.madlabexam2.DYNAMIC_RECEIVER_NOT_EXPORTED_PERMISSION"
12-->[androidx.core:core:1.15.0] AndroidManifest.xml:23:9-81
13        android:protectionLevel="signature" />
13-->[androidx.core:core:1.15.0] AndroidManifest.xml:24:9-44
14
15    <uses-permission android:name="com.example.madlabexam2.DYNAMIC_RECEIVER_NOT_EXPORTED_PERMISSION" />
15-->[androidx.core:core:1.15.0] AndroidManifest.xml:26:5-97
15-->[androidx.core:core:1.15.0] AndroidManifest.xml:26:22-94
16
17    <application
17-->src\main\AndroidManifest.xml:5:5-87:19
18        android:allowBackup="true"
18-->src\main\AndroidManifest.xml:6:9-35
19        android:appComponentFactory="androidx.core.app.CoreComponentFactory"
19-->[androidx.core:core:1.15.0] AndroidManifest.xml:28:18-86
20        android:dataExtractionRules="@xml/data_extraction_rules"
20-->src\main\AndroidManifest.xml:7:9-65
21        android:debuggable="true"
22        android:extractNativeLibs="false"
23        android:fullBackupContent="@xml/backup_rules"
23-->src\main\AndroidManifest.xml:8:9-54
24        android:icon="@mipmap/ic_launcher"
24-->src\main\AndroidManifest.xml:9:9-43
25        android:label="@string/app_name"
25-->src\main\AndroidManifest.xml:10:9-41
26        android:roundIcon="@mipmap/ic_launcher_round"
26-->src\main\AndroidManifest.xml:11:9-54
27        android:supportsRtl="true"
27-->src\main\AndroidManifest.xml:12:9-35
28        android:testOnly="true"
29        android:theme="@style/Theme.MADLabExam2" >
29-->src\main\AndroidManifest.xml:13:9-49
30        <activity
30-->src\main\AndroidManifest.xml:15:9-17:40
31            android:name="com.example.madlabexam2.ticketDetailsScreen"
31-->src\main\AndroidManifest.xml:16:13-48
32            android:exported="false" />
32-->src\main\AndroidManifest.xml:17:13-37
33        <activity
33-->src\main\AndroidManifest.xml:18:9-20:40
34            android:name="com.example.madlabexam2.cancelledBookings"
34-->src\main\AndroidManifest.xml:19:13-46
35            android:exported="false" />
35-->src\main\AndroidManifest.xml:20:13-37
36        <activity
36-->src\main\AndroidManifest.xml:21:9-23:40
37            android:name="com.example.madlabexam2.completedBookings"
37-->src\main\AndroidManifest.xml:22:13-46
38            android:exported="false" />
38-->src\main\AndroidManifest.xml:23:13-37
39        <activity
39-->src\main\AndroidManifest.xml:24:9-26:40
40            android:name="com.example.madlabexam2.activeBookings"
40-->src\main\AndroidManifest.xml:25:13-43
41            android:exported="false" />
41-->src\main\AndroidManifest.xml:26:13-37
42        <activity
42-->src\main\AndroidManifest.xml:27:9-29:40
43            android:name="com.example.madlabexam2.paymentConfirmScreen"
43-->src\main\AndroidManifest.xml:28:13-49
44            android:exported="false" />
44-->src\main\AndroidManifest.xml:29:13-37
45        <activity
45-->src\main\AndroidManifest.xml:30:9-32:40
46            android:name="com.example.madlabexam2.paymentScreen"
46-->src\main\AndroidManifest.xml:31:13-42
47            android:exported="false" />
47-->src\main\AndroidManifest.xml:32:13-37
48        <activity
48-->src\main\AndroidManifest.xml:33:9-35:40
49            android:name="com.example.madlabexam2.locationsScreen"
49-->src\main\AndroidManifest.xml:34:13-44
50            android:exported="false" />
50-->src\main\AndroidManifest.xml:35:13-37
51        <activity
51-->src\main\AndroidManifest.xml:36:9-38:40
52            android:name="com.example.madlabexam2.seatSelectingScreen"
52-->src\main\AndroidManifest.xml:37:13-48
53            android:exported="false" />
53-->src\main\AndroidManifest.xml:38:13-37
54        <activity
54-->src\main\AndroidManifest.xml:39:9-41:40
55            android:name="com.example.madlabexam2.profileScreen"
55-->src\main\AndroidManifest.xml:40:13-42
56            android:exported="false" />
56-->src\main\AndroidManifest.xml:41:13-37
57        <activity
57-->src\main\AndroidManifest.xml:42:9-44:40
58            android:name="com.example.madlabexam2.offersScreen"
58-->src\main\AndroidManifest.xml:43:13-41
59            android:exported="false" />
59-->src\main\AndroidManifest.xml:44:13-37
60        <activity
60-->src\main\AndroidManifest.xml:45:9-47:40
61            android:name="com.example.madlabexam2.searchScreen"
61-->src\main\AndroidManifest.xml:46:13-41
62            android:exported="false" />
62-->src\main\AndroidManifest.xml:47:13-37
63        <activity
63-->src\main\AndroidManifest.xml:48:9-50:40
64            android:name="com.example.madlabexam2.homePage"
64-->src\main\AndroidManifest.xml:49:13-37
65            android:exported="false" />
65-->src\main\AndroidManifest.xml:50:13-37
66        <activity
66-->src\main\AndroidManifest.xml:51:9-53:40
67            android:name="com.example.madlabexam2.personalInformation"
67-->src\main\AndroidManifest.xml:52:13-48
68            android:exported="false" />
68-->src\main\AndroidManifest.xml:53:13-37
69        <activity
69-->src\main\AndroidManifest.xml:54:9-56:40
70            android:name="com.example.madlabexam2.otpConfirmationScreen"
70-->src\main\AndroidManifest.xml:55:13-50
71            android:exported="false" />
71-->src\main\AndroidManifest.xml:56:13-37
72        <activity
72-->src\main\AndroidManifest.xml:57:9-59:40
73            android:name="com.example.madlabexam2.otpScreen"
73-->src\main\AndroidManifest.xml:58:13-38
74            android:exported="false" />
74-->src\main\AndroidManifest.xml:59:13-37
75        <activity
75-->src\main\AndroidManifest.xml:60:9-62:40
76            android:name="com.example.madlabexam2.signUpScreen"
76-->src\main\AndroidManifest.xml:61:13-41
77            android:exported="false" />
77-->src\main\AndroidManifest.xml:62:13-37
78        <activity
78-->src\main\AndroidManifest.xml:63:9-65:40
79            android:name="com.example.madlabexam2.getStartedPage"
79-->src\main\AndroidManifest.xml:64:13-43
80            android:exported="false" />
80-->src\main\AndroidManifest.xml:65:13-37
81        <activity
81-->src\main\AndroidManifest.xml:66:9-68:40
82            android:name="com.example.madlabexam2.onboardScreen4"
82-->src\main\AndroidManifest.xml:67:13-43
83            android:exported="false" />
83-->src\main\AndroidManifest.xml:68:13-37
84        <activity
84-->src\main\AndroidManifest.xml:69:9-71:40
85            android:name="com.example.madlabexam2.onboardScreen3"
85-->src\main\AndroidManifest.xml:70:13-43
86            android:exported="false" />
86-->src\main\AndroidManifest.xml:71:13-37
87        <activity
87-->src\main\AndroidManifest.xml:72:9-74:40
88            android:name="com.example.madlabexam2.onboardScreen2"
88-->src\main\AndroidManifest.xml:73:13-43
89            android:exported="false" />
89-->src\main\AndroidManifest.xml:74:13-37
90        <activity
90-->src\main\AndroidManifest.xml:75:9-77:40
91            android:name="com.example.madlabexam2.onboardScreen1"
91-->src\main\AndroidManifest.xml:76:13-43
92            android:exported="false" />
92-->src\main\AndroidManifest.xml:77:13-37
93        <activity
93-->src\main\AndroidManifest.xml:78:9-86:20
94            android:name="com.example.madlabexam2.MainActivity"
94-->src\main\AndroidManifest.xml:79:13-41
95            android:exported="true" >
95-->src\main\AndroidManifest.xml:80:13-36
96            <intent-filter>
96-->src\main\AndroidManifest.xml:81:13-85:29
97                <action android:name="android.intent.action.MAIN" />
97-->src\main\AndroidManifest.xml:82:17-69
97-->src\main\AndroidManifest.xml:82:25-66
98
99                <category android:name="android.intent.category.LAUNCHER" />
99-->src\main\AndroidManifest.xml:84:17-77
99-->src\main\AndroidManifest.xml:84:27-74
100            </intent-filter>
101        </activity>
102
103        <provider
103-->[androidx.emoji2:emoji2:1.3.0] AndroidManifest.xml:24:9-32:20
104            android:name="androidx.startup.InitializationProvider"
104-->[androidx.emoji2:emoji2:1.3.0] AndroidManifest.xml:25:13-67
105            android:authorities="com.example.madlabexam2.androidx-startup"
105-->[androidx.emoji2:emoji2:1.3.0] AndroidManifest.xml:26:13-68
106            android:exported="false" >
106-->[androidx.emoji2:emoji2:1.3.0] AndroidManifest.xml:27:13-37
107            <meta-data
107-->[androidx.emoji2:emoji2:1.3.0] AndroidManifest.xml:29:13-31:52
108                android:name="androidx.emoji2.text.EmojiCompatInitializer"
108-->[androidx.emoji2:emoji2:1.3.0] AndroidManifest.xml:30:17-75
109                android:value="androidx.startup" />
109-->[androidx.emoji2:emoji2:1.3.0] AndroidManifest.xml:31:17-49
110            <meta-data
110-->[androidx.lifecycle:lifecycle-process:2.6.2] AndroidManifest.xml:29:13-31:52
111                android:name="androidx.lifecycle.ProcessLifecycleInitializer"
111-->[androidx.lifecycle:lifecycle-process:2.6.2] AndroidManifest.xml:30:17-78
112                android:value="androidx.startup" />
112-->[androidx.lifecycle:lifecycle-process:2.6.2] AndroidManifest.xml:31:17-49
113            <meta-data
113-->[androidx.profileinstaller:profileinstaller:1.4.0] AndroidManifest.xml:29:13-31:52
114                android:name="androidx.profileinstaller.ProfileInstallerInitializer"
114-->[androidx.profileinstaller:profileinstaller:1.4.0] AndroidManifest.xml:30:17-85
115                android:value="androidx.startup" />
115-->[androidx.profileinstaller:profileinstaller:1.4.0] AndroidManifest.xml:31:17-49
116        </provider>
117
118        <receiver
118-->[androidx.profileinstaller:profileinstaller:1.4.0] AndroidManifest.xml:34:9-52:20
119            android:name="androidx.profileinstaller.ProfileInstallReceiver"
119-->[androidx.profileinstaller:profileinstaller:1.4.0] AndroidManifest.xml:35:13-76
120            android:directBootAware="false"
120-->[androidx.profileinstaller:profileinstaller:1.4.0] AndroidManifest.xml:36:13-44
121            android:enabled="true"
121-->[androidx.profileinstaller:profileinstaller:1.4.0] AndroidManifest.xml:37:13-35
122            android:exported="true"
122-->[androidx.profileinstaller:profileinstaller:1.4.0] AndroidManifest.xml:38:13-36
123            android:permission="android.permission.DUMP" >
123-->[androidx.profileinstaller:profileinstaller:1.4.0] AndroidManifest.xml:39:13-57
124            <intent-filter>
124-->[androidx.profileinstaller:profileinstaller:1.4.0] AndroidManifest.xml:40:13-42:29
125                <action android:name="androidx.profileinstaller.action.INSTALL_PROFILE" />
125-->[androidx.profileinstaller:profileinstaller:1.4.0] AndroidManifest.xml:41:17-91
125-->[androidx.profileinstaller:profileinstaller:1.4.0] AndroidManifest.xml:41:25-88
126            </intent-filter>
127            <intent-filter>
127-->[androidx.profileinstaller:profileinstaller:1.4.0] AndroidManifest.xml:43:13-45:29
128                <action android:name="androidx.profileinstaller.action.SKIP_FILE" />
128-->[androidx.profileinstaller:profileinstaller:1.4.0] AndroidManifest.xml:44:17-85
128-->[androidx.profileinstaller:profileinstaller:1.4.0] AndroidManifest.xml:44:25-82
129            </intent-filter>
130            <intent-filter>
130-->[androidx.profileinstaller:profileinstaller:1.4.0] AndroidManifest.xml:46:13-48:29
131                <action android:name="androidx.profileinstaller.action.SAVE_PROFILE" />
131-->[androidx.profileinstaller:profileinstaller:1.4.0] AndroidManifest.xml:47:17-88
131-->[androidx.profileinstaller:profileinstaller:1.4.0] AndroidManifest.xml:47:25-85
132            </intent-filter>
133            <intent-filter>
133-->[androidx.profileinstaller:profileinstaller:1.4.0] AndroidManifest.xml:49:13-51:29
134                <action android:name="androidx.profileinstaller.action.BENCHMARK_OPERATION" />
134-->[androidx.profileinstaller:profileinstaller:1.4.0] AndroidManifest.xml:50:17-95
134-->[androidx.profileinstaller:profileinstaller:1.4.0] AndroidManifest.xml:50:25-92
135            </intent-filter>
136        </receiver>
137    </application>
138
139</manifest>